{"/Users/kevin.feo/Documents/globantExercises/ms-augdojo-v2-pod-members-delete-nodejs/src/controllers/pod.controller.ts": {"path":"/Users/kevin.feo/Documents/globantExercises/ms-augdojo-v2-pod-members-delete-nodejs/src/controllers/pod.controller.ts","statementMap":{"0":{"start":{"line":1,"column":0},"end":{"line":1,"column":75}},"1":{"start":{"line":2,"column":0},"end":{"line":2,"column":46}},"2":{"start":{"line":3,"column":0},"end":{"line":3,"column":68}},"3":{"start":{"line":4,"column":0},"end":{"line":4,"column":52}},"4":{"start":{"line":7,"column":7},"end":{"line":31,"column":null}},"5":{"start":{"line":8,"column":22},"end":{"line":8,"column":31}},"6":{"start":{"line":29,"column":4},"end":{"line":29,"column":69}},"7":{"start":{"line":7,"column":13},"end":{"line":7,"column":26}},"8":{"start":{"line":24,"column":8},"end":{"line":30,"column":null}},"9":{"start":{"line":7,"column":13},"end":{"line":31,"column":null}}},"fnMap":{"0":{"name":"(anonymous_4)","decl":{"start":{"line":8,"column":2},"end":{"line":8,"column":22}},"loc":{"start":{"line":8,"column":41},"end":{"line":8,"column":45}}},"1":{"name":"(anonymous_5)","decl":{"start":{"line":24,"column":2},"end":{"line":24,"column":7}},"loc":{"start":{"line":27,"column":43},"end":{"line":30,"column":3}}}},"branchMap":{},"s":{"0":1,"1":1,"2":1,"3":1,"4":1,"5":1,"6":1,"7":1,"8":1,"9":1},"f":{"0":1,"1":1},"b":{}}
,"/Users/kevin.feo/Documents/globantExercises/ms-augdojo-v2-pod-members-delete-nodejs/src/service/pod.service.ts": {"path":"/Users/kevin.feo/Documents/globantExercises/ms-augdojo-v2-pod-members-delete-nodejs/src/service/pod.service.ts","statementMap":{"0":{"start":{"line":2,"column":0},"end":{"line":2,"column":null}},"1":{"start":{"line":9,"column":0},"end":{"line":9,"column":37}},"2":{"start":{"line":13,"column":0},"end":{"line":13,"column":67}},"3":{"start":{"line":14,"column":0},"end":{"line":14,"column":47}},"4":{"start":{"line":15,"column":0},"end":{"line":15,"column":59}},"5":{"start":{"line":18,"column":23},"end":{"line":70,"column":null}},"6":{"start":{"line":21,"column":31},"end":{"line":21,"column":43}},"7":{"start":{"line":19,"column":19},"end":{"line":19,"column":56}},"8":{"start":{"line":28,"column":4},"end":{"line":68,"column":5}},"9":{"start":{"line":29,"column":6},"end":{"line":29,"column":55}},"10":{"start":{"line":30,"column":18},"end":{"line":32,"column":34}},"11":{"start":{"line":33,"column":6},"end":{"line":35,"column":7}},"12":{"start":{"line":34,"column":8},"end":{"line":34,"column":38}},"13":{"start":{"line":37,"column":6},"end":{"line":39,"column":8}},"14":{"start":{"line":40,"column":21},"end":{"line":42,"column":76}},"15":{"start":{"line":43,"column":6},"end":{"line":45,"column":7}},"16":{"start":{"line":44,"column":8},"end":{"line":44,"column":38}},"17":{"start":{"line":46,"column":6},"end":{"line":46,"column":70}},"18":{"start":{"line":47,"column":6},"end":{"line":47,"column":69}},"19":{"start":{"line":48,"column":6},"end":{"line":48,"column":58}},"20":{"start":{"line":49,"column":6},"end":{"line":53,"column":9}},"21":{"start":{"line":54,"column":6},"end":{"line":56,"column":8}},"22":{"start":{"line":58,"column":6},"end":{"line":63,"column":7}},"23":{"start":{"line":59,"column":8},"end":{"line":61,"column":10}},"24":{"start":{"line":62,"column":8},"end":{"line":62,"column":38}},"25":{"start":{"line":64,"column":6},"end":{"line":66,"column":8}},"26":{"start":{"line":67,"column":6},"end":{"line":67,"column":60}},"27":{"start":{"line":18,"column":13},"end":{"line":18,"column":23}},"28":{"start":{"line":18,"column":13},"end":{"line":70,"column":null}}},"fnMap":{"0":{"name":"(anonymous_2)","decl":{"start":{"line":21,"column":2},"end":{"line":21,"column":31}},"loc":{"start":{"line":21,"column":53},"end":{"line":21,"column":57}}},"1":{"name":"(anonymous_3)","decl":{"start":{"line":23,"column":2},"end":{"line":23,"column":7}},"loc":{"start":{"line":26,"column":48},"end":{"line":69,"column":3}}}},"branchMap":{"0":{"loc":{"start":{"line":33,"column":6},"end":{"line":35,"column":7}},"type":"if","locations":[{"start":{"line":33,"column":6},"end":{"line":35,"column":7}}]},"1":{"loc":{"start":{"line":43,"column":6},"end":{"line":45,"column":7}},"type":"if","locations":[{"start":{"line":43,"column":6},"end":{"line":45,"column":7}}]},"2":{"loc":{"start":{"line":58,"column":6},"end":{"line":63,"column":7}},"type":"if","locations":[{"start":{"line":58,"column":6},"end":{"line":63,"column":7}}]}},"s":{"0":2,"1":2,"2":2,"3":2,"4":2,"5":2,"6":5,"7":5,"8":7,"9":7,"10":7,"11":5,"12":3,"13":2,"14":2,"15":2,"16":1,"17":1,"18":1,"19":1,"20":1,"21":1,"22":6,"23":4,"24":4,"25":2,"26":2,"27":2,"28":2},"f":{"0":5,"1":7},"b":{"0":[3],"1":[1],"2":[4]}}
}
