TN:
SF:src/controllers/pod.controller.ts
FN:8,(anonymous_4)
FN:24,(anonymous_5)
FNF:2
FNH:2
FNDA:1,(anonymous_4)
FNDA:1,(anonymous_5)
DA:1,1
DA:2,1
DA:3,1
DA:4,1
DA:7,1
DA:8,1
DA:24,1
DA:29,1
LF:8
LH:8
BRF:0
BRH:0
end_of_record
TN:
SF:src/service/pod.service.ts
FN:21,(anonymous_2)
FN:23,(anonymous_3)
FNF:2
FNH:2
FNDA:5,(anonymous_2)
FNDA:7,(anonymous_3)
DA:2,2
DA:9,2
DA:13,2
DA:14,2
DA:15,2
DA:18,2
DA:19,5
DA:21,5
DA:28,7
DA:29,7
DA:30,7
DA:33,5
DA:34,3
DA:37,2
DA:40,2
DA:43,2
DA:44,1
DA:46,1
DA:47,1
DA:48,1
DA:49,1
DA:54,1
DA:58,6
DA:59,4
DA:62,4
DA:64,2
DA:67,2
LF:27
LH:27
BRDA:33,0,0,3
BRDA:43,1,0,1
BRDA:58,2,0,4
BRF:3
BRH:3
end_of_record
